{"/Users/sander/Node/IMDb-scrAPI/bin/index.js": {"path":"/Users/sander/Node/IMDb-scrAPI/bin/index.js","statementMap":{"0":{"start":{"line":2,"column":14},"end":{"line":2,"column":30}},"1":{"start":{"line":3,"column":20},"end":{"line":3,"column":57}},"2":{"start":{"line":5,"column":0},"end":{"line":23,"column":15}},"3":{"start":{"line":10,"column":6},"end":{"line":14,"column":9}},"4":{"start":{"line":17,"column":22},"end":{"line":19,"column":7}},"5":{"start":{"line":20,"column":6},"end":{"line":20,"column":39}}},"fnMap":{"0":{"name":"(anonymous_0)","decl":{"start":{"line":9,"column":4},"end":{"line":9,"column":5}},"loc":{"start":{"line":9,"column":13},"end":{"line":15,"column":5}},"line":9},"1":{"name":"(anonymous_1)","decl":{"start":{"line":16,"column":4},"end":{"line":16,"column":5}},"loc":{"start":{"line":16,"column":13},"end":{"line":21,"column":5}},"line":16}},"branchMap":{},"s":{"0":0,"1":0,"2":0,"3":0,"4":0,"5":0},"f":{"0":0,"1":0},"b":{}}
,"/Users/sander/Node/IMDb-scrAPI/src/constants.js": {"path":"/Users/sander/Node/IMDb-scrAPI/src/constants.js","statementMap":{"0":{"start":{"line":1,"column":18},"end":{"line":38,"column":1}},"1":{"start":{"line":40,"column":0},"end":{"line":40,"column":27}}},"fnMap":{},"branchMap":{},"s":{"0":1,"1":1},"f":{},"b":{},"_coverageSchema":"1a1c01bbd47fc00a2c39e90264f33305004495a9","hash":"53ad81475cc7a867218b163f1566331cc2a637b8"}
,"/Users/sander/Node/IMDb-scrAPI/src/index.js": {"path":"/Users/sander/Node/IMDb-scrAPI/src/index.js","statementMap":{"0":{"start":{"line":1,"column":20},"end":{"line":1,"column":52}},"1":{"start":{"line":3,"column":0},"end":{"line":3,"column":29}}},"fnMap":{},"branchMap":{},"s":{"0":0,"1":0},"f":{},"b":{}}
,"/Users/sander/Node/IMDb-scrAPI/src/classes/Application.js": {"path":"/Users/sander/Node/IMDb-scrAPI/src/classes/Application.js","statementMap":{"0":{"start":{"line":1,"column":16},"end":{"line":1,"column":34}},"1":{"start":{"line":2,"column":19},"end":{"line":2,"column":41}},"2":{"start":{"line":3,"column":12},"end":{"line":3,"column":21}},"3":{"start":{"line":4,"column":15},"end":{"line":4,"column":38}},"4":{"start":{"line":5,"column":18},"end":{"line":5,"column":41}},"5":{"start":{"line":6,"column":15},"end":{"line":6,"column":43}},"6":{"start":{"line":10,"column":4},"end":{"line":10,"column":46}},"7":{"start":{"line":20,"column":4},"end":{"line":20,"column":25}},"8":{"start":{"line":27,"column":4},"end":{"line":33,"column":5}},"9":{"start":{"line":28,"column":6},"end":{"line":28,"column":30}},"10":{"start":{"line":30,"column":6},"end":{"line":32,"column":8}},"11":{"start":{"line":37,"column":4},"end":{"line":39,"column":5}},"12":{"start":{"line":38,"column":6},"end":{"line":38,"column":36}},"13":{"start":{"line":51,"column":4},"end":{"line":51,"column":32}},"14":{"start":{"line":52,"column":4},"end":{"line":52,"column":30}},"15":{"start":{"line":53,"column":4},"end":{"line":53,"column":29}},"16":{"start":{"line":55,"column":4},"end":{"line":55,"column":68}},"17":{"start":{"line":59,"column":4},"end":{"line":63,"column":6}},"18":{"start":{"line":64,"column":4},"end":{"line":64,"column":31}},"19":{"start":{"line":65,"column":4},"end":{"line":65,"column":34}},"20":{"start":{"line":69,"column":19},"end":{"line":69,"column":35}},"21":{"start":{"line":70,"column":4},"end":{"line":70,"column":47}},"22":{"start":{"line":71,"column":4},"end":{"line":71,"column":57}},"23":{"start":{"line":75,"column":0},"end":{"line":75,"column":29}}},"fnMap":{"0":{"name":"(anonymous_0)","decl":{"start":{"line":9,"column":2},"end":{"line":9,"column":3}},"loc":{"start":{"line":9,"column":16},"end":{"line":11,"column":3}},"line":9},"1":{"name":"(anonymous_1)","decl":{"start":{"line":19,"column":2},"end":{"line":19,"column":3}},"loc":{"start":{"line":19,"column":16},"end":{"line":21,"column":3}},"line":19},"2":{"name":"(anonymous_2)","decl":{"start":{"line":26,"column":2},"end":{"line":26,"column":3}},"loc":{"start":{"line":26,"column":23},"end":{"line":34,"column":3}},"line":26},"3":{"name":"(anonymous_3)","decl":{"start":{"line":36,"column":2},"end":{"line":36,"column":3}},"loc":{"start":{"line":36,"column":25},"end":{"line":40,"column":3}},"line":36},"4":{"name":"(anonymous_4)","decl":{"start":{"line":50,"column":2},"end":{"line":50,"column":3}},"loc":{"start":{"line":50,"column":17},"end":{"line":56,"column":3}},"line":50},"5":{"name":"(anonymous_5)","decl":{"start":{"line":58,"column":2},"end":{"line":58,"column":3}},"loc":{"start":{"line":58,"column":23},"end":{"line":66,"column":3}},"line":58},"6":{"name":"(anonymous_6)","decl":{"start":{"line":68,"column":2},"end":{"line":68,"column":3}},"loc":{"start":{"line":68,"column":22},"end":{"line":72,"column":3}},"line":68}},"branchMap":{"0":{"loc":{"start":{"line":27,"column":4},"end":{"line":33,"column":5}},"type":"if","locations":[{"start":{"line":27,"column":4},"end":{"line":33,"column":5}},{"start":{"line":27,"column":4},"end":{"line":33,"column":5}}],"line":27},"1":{"loc":{"start":{"line":37,"column":4},"end":{"line":39,"column":5}},"type":"if","locations":[{"start":{"line":37,"column":4},"end":{"line":39,"column":5}},{"start":{"line":37,"column":4},"end":{"line":39,"column":5}}],"line":37}},"s":{"0":0,"1":0,"2":0,"3":0,"4":0,"5":0,"6":0,"7":0,"8":0,"9":0,"10":0,"11":0,"12":0,"13":0,"14":0,"15":0,"16":0,"17":0,"18":0,"19":0,"20":0,"21":0,"22":0,"23":0},"f":{"0":0,"1":0,"2":0,"3":0,"4":0,"5":0,"6":0},"b":{"0":[0,0],"1":[0,0]}}
,"/Users/sander/Node/IMDb-scrAPI/src/classes/Router.js": {"path":"/Users/sander/Node/IMDb-scrAPI/src/classes/Router.js","statementMap":{"0":{"start":{"line":1,"column":20},"end":{"line":1,"column":51}},"1":{"start":{"line":7,"column":4},"end":{"line":10,"column":7}},"2":{"start":{"line":8,"column":30},"end":{"line":8,"column":34}},"3":{"start":{"line":9,"column":6},"end":{"line":9,"column":57}},"4":{"start":{"line":12,"column":4},"end":{"line":15,"column":7}},"5":{"start":{"line":13,"column":25},"end":{"line":13,"column":29}},"6":{"start":{"line":14,"column":6},"end":{"line":14,"column":53}},"7":{"start":{"line":20,"column":4},"end":{"line":23,"column":7}},"8":{"start":{"line":21,"column":25},"end":{"line":21,"column":29}},"9":{"start":{"line":22,"column":6},"end":{"line":22,"column":57}},"10":{"start":{"line":28,"column":4},"end":{"line":31,"column":7}},"11":{"start":{"line":29,"column":33},"end":{"line":29,"column":37}},"12":{"start":{"line":30,"column":6},"end":{"line":30,"column":71}},"13":{"start":{"line":36,"column":4},"end":{"line":39,"column":7}},"14":{"start":{"line":37,"column":25},"end":{"line":37,"column":29}},"15":{"start":{"line":38,"column":6},"end":{"line":38,"column":63}},"16":{"start":{"line":44,"column":4},"end":{"line":47,"column":7}},"17":{"start":{"line":45,"column":25},"end":{"line":45,"column":29}},"18":{"start":{"line":46,"column":6},"end":{"line":46,"column":65}},"19":{"start":{"line":52,"column":4},"end":{"line":55,"column":7}},"20":{"start":{"line":53,"column":25},"end":{"line":53,"column":29}},"21":{"start":{"line":54,"column":6},"end":{"line":54,"column":61}},"22":{"start":{"line":59,"column":0},"end":{"line":59,"column":24}}},"fnMap":{"0":{"name":"(anonymous_0)","decl":{"start":{"line":4,"column":2},"end":{"line":4,"column":3}},"loc":{"start":{"line":4,"column":16},"end":{"line":4,"column":18}},"line":4},"1":{"name":"(anonymous_1)","decl":{"start":{"line":6,"column":2},"end":{"line":6,"column":3}},"loc":{"start":{"line":6,"column":29},"end":{"line":56,"column":3}},"line":6},"2":{"name":"(anonymous_2)","decl":{"start":{"line":7,"column":34},"end":{"line":7,"column":35}},"loc":{"start":{"line":7,"column":59},"end":{"line":10,"column":5}},"line":7},"3":{"name":"(anonymous_3)","decl":{"start":{"line":12,"column":35},"end":{"line":12,"column":36}},"loc":{"start":{"line":12,"column":60},"end":{"line":15,"column":5}},"line":12},"4":{"name":"(anonymous_4)","decl":{"start":{"line":20,"column":39},"end":{"line":20,"column":40}},"loc":{"start":{"line":20,"column":64},"end":{"line":23,"column":5}},"line":20},"5":{"name":"(anonymous_5)","decl":{"start":{"line":28,"column":45},"end":{"line":28,"column":46}},"loc":{"start":{"line":28,"column":70},"end":{"line":31,"column":5}},"line":28},"6":{"name":"(anonymous_6)","decl":{"start":{"line":36,"column":45},"end":{"line":36,"column":46}},"loc":{"start":{"line":36,"column":70},"end":{"line":39,"column":5}},"line":36},"7":{"name":"(anonymous_7)","decl":{"start":{"line":44,"column":47},"end":{"line":44,"column":48}},"loc":{"start":{"line":44,"column":72},"end":{"line":47,"column":5}},"line":44},"8":{"name":"(anonymous_8)","decl":{"start":{"line":52,"column":43},"end":{"line":52,"column":44}},"loc":{"start":{"line":52,"column":68},"end":{"line":55,"column":5}},"line":52}},"branchMap":{},"s":{"0":0,"1":0,"2":0,"3":0,"4":0,"5":0,"6":0,"7":0,"8":0,"9":0,"10":0,"11":0,"12":0,"13":0,"14":0,"15":0,"16":0,"17":0,"18":0,"19":0,"20":0,"21":0,"22":0},"f":{"0":0,"1":0,"2":0,"3":0,"4":0,"5":0,"6":0,"7":0,"8":0},"b":{}}
,"/Users/sander/Node/IMDb-scrAPI/src/utils/ImdbUtility.js": {"path":"/Users/sander/Node/IMDb-scrAPI/src/utils/ImdbUtility.js","statementMap":{"0":{"start":{"line":1,"column":18},"end":{"line":1,"column":38}},"1":{"start":{"line":2,"column":17},"end":{"line":2,"column":42}},"2":{"start":{"line":3,"column":18},"end":{"line":3,"column":41}},"3":{"start":{"line":4,"column":25},"end":{"line":4,"column":54}},"4":{"start":{"line":5,"column":19},"end":{"line":5,"column":42}},"5":{"start":{"line":7,"column":0},"end":{"line":215,"column":2}},"6":{"start":{"line":14,"column":16},"end":{"line":14,"column":54}},"7":{"start":{"line":15,"column":20},"end":{"line":15,"column":44}},"8":{"start":{"line":16,"column":17},"end":{"line":16,"column":40}},"9":{"start":{"line":18,"column":4},"end":{"line":18,"column":25}},"10":{"start":{"line":20,"column":20},"end":{"line":20,"column":50}},"11":{"start":{"line":21,"column":21},"end":{"line":21,"column":23}},"12":{"start":{"line":23,"column":4},"end":{"line":51,"column":5}},"13":{"start":{"line":23,"column":17},"end":{"line":23,"column":18}},"14":{"start":{"line":24,"column":21},"end":{"line":24,"column":31}},"15":{"start":{"line":25,"column":19},"end":{"line":28,"column":7}},"16":{"start":{"line":29,"column":18},"end":{"line":33,"column":7}},"17":{"start":{"line":34,"column":21},"end":{"line":38,"column":7}},"18":{"start":{"line":39,"column":19},"end":{"line":42,"column":7}},"19":{"start":{"line":44,"column":6},"end":{"line":50,"column":9}},"20":{"start":{"line":53,"column":4},"end":{"line":53,"column":26}},"21":{"start":{"line":54,"column":4},"end":{"line":54,"column":20}},"22":{"start":{"line":66,"column":4},"end":{"line":72,"column":5}},"23":{"start":{"line":67,"column":6},"end":{"line":67,"column":45}},"24":{"start":{"line":69,"column":6},"end":{"line":71,"column":8}},"25":{"start":{"line":76,"column":4},"end":{"line":83,"column":5}},"26":{"start":{"line":77,"column":26},"end":{"line":77,"column":58}},"27":{"start":{"line":78,"column":6},"end":{"line":78,"column":49}},"28":{"start":{"line":80,"column":6},"end":{"line":82,"column":8}},"29":{"start":{"line":88,"column":6},"end":{"line":89,"column":28}},"30":{"start":{"line":90,"column":20},"end":{"line":90,"column":44}},"31":{"start":{"line":91,"column":17},"end":{"line":91,"column":40}},"32":{"start":{"line":93,"column":4},"end":{"line":93,"column":25}},"33":{"start":{"line":95,"column":20},"end":{"line":95,"column":76}},"34":{"start":{"line":97,"column":25},"end":{"line":97,"column":27}},"35":{"start":{"line":99,"column":4},"end":{"line":106,"column":5}},"36":{"start":{"line":99,"column":17},"end":{"line":99,"column":18}},"37":{"start":{"line":100,"column":21},"end":{"line":100,"column":31}},"38":{"start":{"line":101,"column":20},"end":{"line":101,"column":73}},"39":{"start":{"line":103,"column":6},"end":{"line":105,"column":7}},"40":{"start":{"line":104,"column":8},"end":{"line":104,"column":33}},"41":{"start":{"line":108,"column":4},"end":{"line":108,"column":26}},"42":{"start":{"line":110,"column":4},"end":{"line":110,"column":24}},"43":{"start":{"line":120,"column":24},"end":{"line":120,"column":26}},"44":{"start":{"line":122,"column":6},"end":{"line":124,"column":25}},"45":{"start":{"line":125,"column":20},"end":{"line":125,"column":44}},"46":{"start":{"line":126,"column":17},"end":{"line":126,"column":40}},"47":{"start":{"line":128,"column":4},"end":{"line":128,"column":25}},"48":{"start":{"line":130,"column":21},"end":{"line":132,"column":5}},"49":{"start":{"line":134,"column":4},"end":{"line":152,"column":5}},"50":{"start":{"line":134,"column":17},"end":{"line":134,"column":18}},"51":{"start":{"line":135,"column":22},"end":{"line":135,"column":33}},"52":{"start":{"line":137,"column":19},"end":{"line":141,"column":7}},"53":{"start":{"line":142,"column":22},"end":{"line":145,"column":7}},"54":{"start":{"line":147,"column":6},"end":{"line":151,"column":9}},"55":{"start":{"line":154,"column":4},"end":{"line":154,"column":26}},"56":{"start":{"line":155,"column":4},"end":{"line":157,"column":7}},"57":{"start":{"line":156,"column":6},"end":{"line":156,"column":29}},"58":{"start":{"line":161,"column":4},"end":{"line":165,"column":5}},"59":{"start":{"line":162,"column":6},"end":{"line":162,"column":18}},"60":{"start":{"line":164,"column":6},"end":{"line":164,"column":45}},"61":{"start":{"line":169,"column":21},"end":{"line":169,"column":23}},"62":{"start":{"line":170,"column":20},"end":{"line":170,"column":56}},"63":{"start":{"line":172,"column":4},"end":{"line":180,"column":5}},"64":{"start":{"line":172,"column":17},"end":{"line":172,"column":18}},"65":{"start":{"line":173,"column":21},"end":{"line":173,"column":31}},"66":{"start":{"line":174,"column":32},"end":{"line":177,"column":7}},"67":{"start":{"line":179,"column":6},"end":{"line":179,"column":66}},"68":{"start":{"line":179,"column":42},"end":{"line":179,"column":64}},"69":{"start":{"line":182,"column":4},"end":{"line":182,"column":20}},"70":{"start":{"line":190,"column":29},"end":{"line":190,"column":77}},"71":{"start":{"line":192,"column":4},"end":{"line":192,"column":57}},"72":{"start":{"line":196,"column":24},"end":{"line":196,"column":64}},"73":{"start":{"line":197,"column":29},"end":{"line":200,"column":5}},"74":{"start":{"line":202,"column":4},"end":{"line":202,"column":48}},"75":{"start":{"line":206,"column":16},"end":{"line":206,"column":26}},"76":{"start":{"line":207,"column":24},"end":{"line":209,"column":48}},"77":{"start":{"line":211,"column":4},"end":{"line":213,"column":7}},"78":{"start":{"line":212,"column":6},"end":{"line":212,"column":63}}},"fnMap":{"0":{"name":"(anonymous_0)","decl":{"start":{"line":13,"column":2},"end":{"line":13,"column":3}},"loc":{"start":{"line":13,"column":45},"end":{"line":55,"column":3}},"line":13},"1":{"name":"(anonymous_1)","decl":{"start":{"line":65,"column":2},"end":{"line":65,"column":3}},"loc":{"start":{"line":65,"column":28},"end":{"line":73,"column":3}},"line":65},"2":{"name":"(anonymous_2)","decl":{"start":{"line":75,"column":2},"end":{"line":75,"column":3}},"loc":{"start":{"line":75,"column":37},"end":{"line":84,"column":3}},"line":75},"3":{"name":"(anonymous_3)","decl":{"start":{"line":86,"column":2},"end":{"line":86,"column":3}},"loc":{"start":{"line":86,"column":34},"end":{"line":111,"column":3}},"line":86},"4":{"name":"(anonymous_4)","decl":{"start":{"line":119,"column":2},"end":{"line":119,"column":3}},"loc":{"start":{"line":119,"column":52},"end":{"line":158,"column":3}},"line":119},"5":{"name":"(anonymous_5)","decl":{"start":{"line":155,"column":33},"end":{"line":155,"column":34}},"loc":{"start":{"line":155,"column":51},"end":{"line":157,"column":5}},"line":155},"6":{"name":"(anonymous_6)","decl":{"start":{"line":160,"column":2},"end":{"line":160,"column":3}},"loc":{"start":{"line":160,"column":29},"end":{"line":166,"column":3}},"line":160},"7":{"name":"(anonymous_7)","decl":{"start":{"line":168,"column":2},"end":{"line":168,"column":3}},"loc":{"start":{"line":168,"column":38},"end":{"line":183,"column":3}},"line":168},"8":{"name":"(anonymous_8)","decl":{"start":{"line":179,"column":31},"end":{"line":179,"column":32}},"loc":{"start":{"line":179,"column":42},"end":{"line":179,"column":64}},"line":179},"9":{"name":"(anonymous_9)","decl":{"start":{"line":189,"column":2},"end":{"line":189,"column":3}},"loc":{"start":{"line":189,"column":44},"end":{"line":193,"column":3}},"line":189},"10":{"name":"(anonymous_10)","decl":{"start":{"line":195,"column":2},"end":{"line":195,"column":3}},"loc":{"start":{"line":195,"column":42},"end":{"line":203,"column":3}},"line":195},"11":{"name":"(anonymous_11)","decl":{"start":{"line":205,"column":2},"end":{"line":205,"column":3}},"loc":{"start":{"line":205,"column":63},"end":{"line":214,"column":3}},"line":205},"12":{"name":"(anonymous_12)","decl":{"start":{"line":211,"column":30},"end":{"line":211,"column":31}},"loc":{"start":{"line":211,"column":41},"end":{"line":213,"column":5}},"line":211}},"branchMap":{"0":{"loc":{"start":{"line":13,"column":32},"end":{"line":13,"column":43}},"type":"default-arg","locations":[{"start":{"line":13,"column":39},"end":{"line":13,"column":43}}],"line":13},"1":{"loc":{"start":{"line":78,"column":13},"end":{"line":78,"column":48}},"type":"cond-expr","locations":[{"start":{"line":78,"column":27},"end":{"line":78,"column":41}},{"start":{"line":78,"column":44},"end":{"line":78,"column":48}}],"line":78},"2":{"loc":{"start":{"line":103,"column":6},"end":{"line":105,"column":7}},"type":"if","locations":[{"start":{"line":103,"column":6},"end":{"line":105,"column":7}},{"start":{"line":103,"column":6},"end":{"line":105,"column":7}}],"line":103},"3":{"loc":{"start":{"line":161,"column":4},"end":{"line":165,"column":5}},"type":"if","locations":[{"start":{"line":161,"column":4},"end":{"line":165,"column":5}},{"start":{"line":161,"column":4},"end":{"line":165,"column":5}}],"line":161},"4":{"loc":{"start":{"line":205,"column":46},"end":{"line":205,"column":61}},"type":"default-arg","locations":[{"start":{"line":205,"column":57},"end":{"line":205,"column":61}}],"line":205},"5":{"loc":{"start":{"line":207,"column":24},"end":{"line":209,"column":48}},"type":"cond-expr","locations":[{"start":{"line":208,"column":8},"end":{"line":208,"column":16}},{"start":{"line":209,"column":8},"end":{"line":209,"column":48}}],"line":207},"6":{"loc":{"start":{"line":212,"column":13},"end":{"line":212,"column":62}},"type":"binary-expr","locations":[{"start":{"line":212,"column":13},"end":{"line":212,"column":34}},{"start":{"line":212,"column":38},"end":{"line":212,"column":62}}],"line":212}},"s":{"0":0,"1":0,"2":0,"3":0,"4":0,"5":0,"6":0,"7":0,"8":0,"9":0,"10":0,"11":0,"12":0,"13":0,"14":0,"15":0,"16":0,"17":0,"18":0,"19":0,"20":0,"21":0,"22":0,"23":0,"24":0,"25":0,"26":0,"27":0,"28":0,"29":0,"30":0,"31":0,"32":0,"33":0,"34":0,"35":0,"36":0,"37":0,"38":0,"39":0,"40":0,"41":0,"42":0,"43":0,"44":0,"45":0,"46":0,"47":0,"48":0,"49":0,"50":0,"51":0,"52":0,"53":0,"54":0,"55":0,"56":0,"57":0,"58":0,"59":0,"60":0,"61":0,"62":0,"63":0,"64":0,"65":0,"66":0,"67":0,"68":0,"69":0,"70":0,"71":0,"72":0,"73":0,"74":0,"75":0,"76":0,"77":0,"78":0},"f":{"0":0,"1":0,"2":0,"3":0,"4":0,"5":0,"6":0,"7":0,"8":0,"9":0,"10":0,"11":0,"12":0},"b":{"0":[0],"1":[0,0],"2":[0,0],"3":[0,0],"4":[0],"5":[0,0],"6":[0,0]}}
,"/Users/sander/Node/IMDb-scrAPI/src/utils/PuppeteerUtility.js": {"path":"/Users/sander/Node/IMDb-scrAPI/src/utils/PuppeteerUtility.js","statementMap":{"0":{"start":{"line":1,"column":18},"end":{"line":1,"column":38}},"1":{"start":{"line":3,"column":0},"end":{"line":22,"column":2}},"2":{"start":{"line":14,"column":4},"end":{"line":20,"column":5}},"3":{"start":{"line":15,"column":6},"end":{"line":17,"column":20}},"4":{"start":{"line":19,"column":6},"end":{"line":19,"column":72}}},"fnMap":{"0":{"name":"(anonymous_0)","decl":{"start":{"line":13,"column":2},"end":{"line":13,"column":3}},"loc":{"start":{"line":13,"column":75},"end":{"line":21,"column":3}},"line":13}},"branchMap":{"0":{"loc":{"start":{"line":13,"column":51},"end":{"line":13,"column":73}},"type":"default-arg","locations":[{"start":{"line":13,"column":62},"end":{"line":13,"column":73}}],"line":13}},"s":{"0":0,"1":0,"2":0,"3":0,"4":0},"f":{"0":0},"b":{"0":[0]}}
,"/Users/sander/Node/IMDb-scrAPI/src/utils/UrlUtility.js": {"path":"/Users/sander/Node/IMDb-scrAPI/src/utils/UrlUtility.js","statementMap":{"0":{"start":{"line":1,"column":18},"end":{"line":1,"column":41}},"1":{"start":{"line":12,"column":25},"end":{"line":12,"column":50}},"2":{"start":{"line":13,"column":14},"end":{"line":13,"column":33}},"3":{"start":{"line":14,"column":4},"end":{"line":14,"column":47}},"4":{"start":{"line":16,"column":4},"end":{"line":26,"column":5}},"5":{"start":{"line":18,"column":8},"end":{"line":18,"column":50}},"6":{"start":{"line":19,"column":8},"end":{"line":19,"column":14}},"7":{"start":{"line":21,"column":8},"end":{"line":21,"column":46}},"8":{"start":{"line":22,"column":8},"end":{"line":22,"column":14}},"9":{"start":{"line":24,"column":8},"end":{"line":24,"column":54}},"10":{"start":{"line":25,"column":8},"end":{"line":25,"column":14}},"11":{"start":{"line":28,"column":4},"end":{"line":28,"column":15}},"12":{"start":{"line":32,"column":4},"end":{"line":40,"column":5}},"13":{"start":{"line":33,"column":6},"end":{"line":35,"column":8}},"14":{"start":{"line":37,"column":6},"end":{"line":39,"column":9}},"15":{"start":{"line":44,"column":0},"end":{"line":44,"column":28}}},"fnMap":{"0":{"name":"(anonymous_0)","decl":{"start":{"line":11,"column":2},"end":{"line":11,"column":3}},"loc":{"start":{"line":11,"column":37},"end":{"line":29,"column":3}},"line":11},"1":{"name":"(anonymous_1)","decl":{"start":{"line":31,"column":2},"end":{"line":31,"column":3}},"loc":{"start":{"line":31,"column":55},"end":{"line":41,"column":3}},"line":31}},"branchMap":{"0":{"loc":{"start":{"line":16,"column":4},"end":{"line":26,"column":5}},"type":"switch","locations":[{"start":{"line":17,"column":6},"end":{"line":19,"column":14}},{"start":{"line":20,"column":6},"end":{"line":22,"column":14}},{"start":{"line":23,"column":6},"end":{"line":25,"column":14}}],"line":16},"1":{"loc":{"start":{"line":32,"column":4},"end":{"line":40,"column":5}},"type":"if","locations":[{"start":{"line":32,"column":4},"end":{"line":40,"column":5}},{"start":{"line":32,"column":4},"end":{"line":40,"column":5}}],"line":32},"2":{"loc":{"start":{"line":32,"column":8},"end":{"line":32,"column":39}},"type":"binary-expr","locations":[{"start":{"line":32,"column":8},"end":{"line":32,"column":21}},{"start":{"line":32,"column":25},"end":{"line":32,"column":39}}],"line":32},"3":{"loc":{"start":{"line":37,"column":17},"end":{"line":37,"column":70}},"type":"cond-expr","locations":[{"start":{"line":37,"column":37},"end":{"line":37,"column":55}},{"start":{"line":37,"column":58},"end":{"line":37,"column":70}}],"line":37},"4":{"loc":{"start":{"line":38,"column":8},"end":{"line":38,"column":64}},"type":"cond-expr","locations":[{"start":{"line":38,"column":29},"end":{"line":38,"column":48}},{"start":{"line":38,"column":51},"end":{"line":38,"column":64}}],"line":38}},"s":{"0":1,"1":0,"2":0,"3":0,"4":0,"5":0,"6":0,"7":0,"8":0,"9":0,"10":0,"11":0,"12":1,"13":0,"14":1,"15":1},"f":{"0":0,"1":1},"b":{"0":[0,0,0],"1":[0,1],"2":[1,1],"3":[1,0],"4":[1,0]},"_coverageSchema":"1a1c01bbd47fc00a2c39e90264f33305004495a9","hash":"77d1cd7218d6b9d0549100a94bff852a49aad192"}
}
